<?xml version="1.0" encoding="UTF-8"?>
<!-- Generated by org.testng.reporters.JUnitReportReporter -->
<testsuite skipped="0" hostname="LAPTOP-MM06U7HK" name="Testcases.TC_001" tests="1" failures="0" timestamp="26 Nov 2019 05:41:12 GMT" time="12.943" errors="0">
  <testcase name="testcase1" time="12.943" classname="Testcases.TC_001"/>
</testsuite> <!-- Testcases.TC_001 -->
